{"/Users/inakiechaide/Desktop/heater-control/src/setupTests.js": {"path":"/Users/inakiechaide/Desktop/heater-control/src/setupTests.js","statementMap":{"0":{"start":{"line":5,"column":0},"end":{"line":17,"column":3}},"1":{"start":{"line":7,"column":48},"end":{"line":16,"column":3}},"2":{"start":{"line":20,"column":0},"end":{"line":26,"column":3}},"3":{"start":{"line":21,"column":25},"end":{"line":21,"column":63}},"4":{"start":{"line":22,"column":2},"end":{"line":25,"column":4}},"5":{"start":{"line":24,"column":59},"end":{"line":24,"column":65}}},"fnMap":{"0":{"name":"(anonymous_0)","decl":{"start":{"line":7,"column":38},"end":{"line":7,"column":39}},"loc":{"start":{"line":7,"column":48},"end":{"line":16,"column":3}},"line":7},"1":{"name":"(anonymous_1)","decl":{"start":{"line":20,"column":30},"end":{"line":20,"column":31}},"loc":{"start":{"line":20,"column":36},"end":{"line":26,"column":1}},"line":20},"2":{"name":"(anonymous_2)","decl":{"start":{"line":24,"column":53},"end":{"line":24,"column":54}},"loc":{"start":{"line":24,"column":59},"end":{"line":24,"column":65}},"line":24}},"branchMap":{},"s":{"0":0,"1":0,"2":0,"3":0,"4":0,"5":0},"f":{"0":0,"1":0,"2":0},"b":{}}
,"/Users/inakiechaide/Desktop/heater-control/src/theme.js": {"path":"/Users/inakiechaide/Desktop/heater-control/src/theme.js","statementMap":{"0":{"start":{"line":3,"column":15},"end":{"line":6,"column":1}},"1":{"start":{"line":8,"column":14},"end":{"line":85,"column":2}},"2":{"start":{"line":11,"column":24},"end":{"line":32,"column":5}}},"fnMap":{"0":{"name":"(anonymous_0)","decl":{"start":{"line":11,"column":12},"end":{"line":11,"column":13}},"loc":{"start":{"line":11,"column":24},"end":{"line":32,"column":5}},"line":11}},"branchMap":{},"s":{"0":0,"1":0,"2":0},"f":{"0":0},"b":{}}
,"/Users/inakiechaide/Desktop/heater-control/src/components/ScheduleForm.jsx": {"path":"/Users/inakiechaide/Desktop/heater-control/src/components/ScheduleForm.jsx","statementMap":{"0":{"start":{"line":10,"column":22},"end":{"line":56,"column":2}},"1":{"start":{"line":10,"column":46},"end":{"line":56,"column":1}},"2":{"start":{"line":58,"column":21},"end":{"line":228,"column":1}},"3":{"start":{"line":73,"column":40},"end":{"line":73,"column":61}},"4":{"start":{"line":74,"column":21},"end":{"line":74,"column":53}},"5":{"start":{"line":75,"column":96},"end":{"line":75,"column":111}},"6":{"start":{"line":77,"column":2},"end":{"line":227,"column":4}},"7":{"start":{"line":87,"column":31},"end":{"line":87,"column":68}},"8":{"start":{"line":97,"column":31},"end":{"line":97,"column":66}},"9":{"start":{"line":120,"column":32},"end":{"line":120,"column":47}},"10":{"start":{"line":122,"column":36},"end":{"line":122,"column":46}},"11":{"start":{"line":123,"column":14},"end":{"line":153,"column":16}},"12":{"start":{"line":145,"column":20},"end":{"line":145,"column":39}},"13":{"start":{"line":165,"column":14},"end":{"line":165,"column":34}},"14":{"start":{"line":167,"column":32},"end":{"line":167,"column":52}},"15":{"start":{"line":168,"column":32},"end":{"line":168,"column":53}},"16":{"start":{"line":200,"column":12},"end":{"line":207,"column":23}},"17":{"start":{"line":203,"column":32},"end":{"line":203,"column":51}}},"fnMap":{"0":{"name":"(anonymous_0)","decl":{"start":{"line":10,"column":22},"end":{"line":10,"column":23}},"loc":{"start":{"line":10,"column":46},"end":{"line":56,"column":1}},"line":10},"1":{"name":"(anonymous_1)","decl":{"start":{"line":58,"column":21},"end":{"line":58,"column":22}},"loc":{"start":{"line":72,"column":6},"end":{"line":228,"column":1}},"line":72},"2":{"name":"(anonymous_2)","decl":{"start":{"line":87,"column":24},"end":{"line":87,"column":25}},"loc":{"start":{"line":87,"column":31},"end":{"line":87,"column":68}},"line":87},"3":{"name":"(anonymous_3)","decl":{"start":{"line":97,"column":24},"end":{"line":97,"column":25}},"loc":{"start":{"line":97,"column":31},"end":{"line":97,"column":66}},"line":97},"4":{"name":"(anonymous_4)","decl":{"start":{"line":120,"column":20},"end":{"line":120,"column":21}},"loc":{"start":{"line":120,"column":32},"end":{"line":120,"column":47}},"line":120},"5":{"name":"(anonymous_5)","decl":{"start":{"line":121,"column":17},"end":{"line":121,"column":18}},"loc":{"start":{"line":121,"column":36},"end":{"line":154,"column":13}},"line":121},"6":{"name":"(anonymous_6)","decl":{"start":{"line":144,"column":27},"end":{"line":144,"column":28}},"loc":{"start":{"line":144,"column":33},"end":{"line":146,"column":19}},"line":144},"7":{"name":"(anonymous_7)","decl":{"start":{"line":164,"column":22},"end":{"line":164,"column":23}},"loc":{"start":{"line":164,"column":33},"end":{"line":166,"column":13}},"line":164},"8":{"name":"(anonymous_8)","decl":{"start":{"line":167,"column":26},"end":{"line":167,"column":27}},"loc":{"start":{"line":167,"column":32},"end":{"line":167,"column":52}},"line":167},"9":{"name":"(anonymous_9)","decl":{"start":{"line":168,"column":26},"end":{"line":168,"column":27}},"loc":{"start":{"line":168,"column":32},"end":{"line":168,"column":53}},"line":168},"10":{"name":"(anonymous_10)","decl":{"start":{"line":199,"column":24},"end":{"line":199,"column":25}},"loc":{"start":{"line":200,"column":12},"end":{"line":207,"column":23}},"line":200},"11":{"name":"(anonymous_11)","decl":{"start":{"line":203,"column":26},"end":{"line":203,"column":27}},"loc":{"start":{"line":203,"column":32},"end":{"line":203,"column":51}},"line":203}},"branchMap":{"0":{"loc":{"start":{"line":108,"column":11},"end":{"line":110,"column":62}},"type":"cond-expr","locations":[{"start":{"line":109,"column":14},"end":{"line":109,"column":52}},{"start":{"line":110,"column":14},"end":{"line":110,"column":62}}],"line":108},"1":{"loc":{"start":{"line":110,"column":23},"end":{"line":110,"column":60}},"type":"binary-expr","locations":[{"start":{"line":110,"column":23},"end":{"line":110,"column":54}},{"start":{"line":110,"column":58},"end":{"line":110,"column":60}}],"line":110},"2":{"loc":{"start":{"line":112,"column":9},"end":{"line":116,"column":9}},"type":"binary-expr","locations":[{"start":{"line":112,"column":9},"end":{"line":112,"column":19}},{"start":{"line":113,"column":10},"end":{"line":115,"column":17}}],"line":112},"3":{"loc":{"start":{"line":131,"column":22},"end":{"line":131,"column":71}},"type":"cond-expr","locations":[{"start":{"line":131,"column":46},"end":{"line":131,"column":60}},{"start":{"line":131,"column":63},"end":{"line":131,"column":71}}],"line":131},"4":{"loc":{"start":{"line":132,"column":31},"end":{"line":132,"column":88}},"type":"cond-expr","locations":[{"start":{"line":132,"column":55},"end":{"line":132,"column":72}},{"start":{"line":132,"column":75},"end":{"line":132,"column":88}}],"line":132},"5":{"loc":{"start":{"line":171,"column":37},"end":{"line":171,"column":75}},"type":"cond-expr","locations":[{"start":{"line":171,"column":50},"end":{"line":171,"column":62}},{"start":{"line":171,"column":65},"end":{"line":171,"column":75}}],"line":171},"6":{"loc":{"start":{"line":189,"column":13},"end":{"line":191,"column":75}},"type":"cond-expr","locations":[{"start":{"line":190,"column":16},"end":{"line":190,"column":58}},{"start":{"line":191,"column":16},"end":{"line":191,"column":75}}],"line":189},"7":{"loc":{"start":{"line":210,"column":9},"end":{"line":214,"column":9}},"type":"binary-expr","locations":[{"start":{"line":210,"column":9},"end":{"line":210,"column":51}},{"start":{"line":211,"column":10},"end":{"line":213,"column":17}}],"line":210}},"s":{"0":0,"1":0,"2":0,"3":0,"4":0,"5":0,"6":0,"7":0,"8":0,"9":0,"10":0,"11":0,"12":0,"13":0,"14":0,"15":0,"16":0,"17":0},"f":{"0":0,"1":0,"2":0,"3":0,"4":0,"5":0,"6":0,"7":0,"8":0,"9":0,"10":0,"11":0},"b":{"0":[0,0],"1":[0,0],"2":[0,0],"3":[0,0],"4":[0,0],"5":[0,0],"6":[0,0],"7":[0,0]}}
,"/Users/inakiechaide/Desktop/heater-control/src/components/ScheduleList.jsx": {"path":"/Users/inakiechaide/Desktop/heater-control/src/components/ScheduleList.jsx","statementMap":{"0":{"start":{"line":8,"column":21},"end":{"line":186,"column":1}},"1":{"start":{"line":14,"column":59},"end":{"line":14,"column":97}},"2":{"start":{"line":15,"column":22},"end":{"line":15,"column":63}},"3":{"start":{"line":16,"column":25},"end":{"line":16,"column":66}},"4":{"start":{"line":17,"column":18},"end":{"line":17,"column":56}},"5":{"start":{"line":18,"column":18},"end":{"line":18,"column":58}},"6":{"start":{"line":21,"column":23},"end":{"line":61,"column":3}},"7":{"start":{"line":22,"column":23},"end":{"line":58,"column":5}},"8":{"start":{"line":60,"column":4},"end":{"line":60,"column":46}},"9":{"start":{"line":64,"column":21},"end":{"line":68,"column":3}},"10":{"start":{"line":65,"column":4},"end":{"line":65,"column":28}},"11":{"start":{"line":65,"column":18},"end":{"line":65,"column":28}},"12":{"start":{"line":66,"column":29},"end":{"line":66,"column":47}},"13":{"start":{"line":67,"column":4},"end":{"line":67,"column":33}},"14":{"start":{"line":71,"column":23},"end":{"line":83,"column":3}},"15":{"start":{"line":72,"column":25},"end":{"line":72,"column":61}},"16":{"start":{"line":72,"column":48},"end":{"line":72,"column":60}},"17":{"start":{"line":74,"column":4},"end":{"line":76,"column":5}},"18":{"start":{"line":75,"column":6},"end":{"line":75,"column":30}},"19":{"start":{"line":78,"column":4},"end":{"line":80,"column":5}},"20":{"start":{"line":79,"column":6},"end":{"line":79,"column":26}},"21":{"start":{"line":82,"column":4},"end":{"line":82,"column":66}},"22":{"start":{"line":82,"column":35},"end":{"line":82,"column":53}},"23":{"start":{"line":85,"column":2},"end":{"line":99,"column":3}},"24":{"start":{"line":86,"column":4},"end":{"line":98,"column":6}},"25":{"start":{"line":101,"column":2},"end":{"line":185,"column":4}},"26":{"start":{"line":118,"column":30},"end":{"line":118,"column":57}},"27":{"start":{"line":119,"column":30},"end":{"line":119,"column":57}},"28":{"start":{"line":121,"column":12},"end":{"line":180,"column":14}},"29":{"start":{"line":151,"column":39},"end":{"line":151,"column":60}},"30":{"start":{"line":152,"column":36},"end":{"line":152,"column":49}},"31":{"start":{"line":174,"column":22},"end":{"line":174,"column":42}},"32":{"start":{"line":175,"column":22},"end":{"line":175,"column":44}}},"fnMap":{"0":{"name":"(anonymous_0)","decl":{"start":{"line":8,"column":21},"end":{"line":8,"column":22}},"loc":{"start":{"line":13,"column":6},"end":{"line":186,"column":1}},"line":13},"1":{"name":"(anonymous_1)","decl":{"start":{"line":21,"column":23},"end":{"line":21,"column":24}},"loc":{"start":{"line":21,"column":33},"end":{"line":61,"column":3}},"line":21},"2":{"name":"(anonymous_2)","decl":{"start":{"line":64,"column":21},"end":{"line":64,"column":22}},"loc":{"start":{"line":64,"column":34},"end":{"line":68,"column":3}},"line":64},"3":{"name":"(anonymous_3)","decl":{"start":{"line":71,"column":23},"end":{"line":71,"column":24}},"loc":{"start":{"line":71,"column":33},"end":{"line":83,"column":3}},"line":71},"4":{"name":"(anonymous_4)","decl":{"start":{"line":72,"column":41},"end":{"line":72,"column":42}},"loc":{"start":{"line":72,"column":48},"end":{"line":72,"column":60}},"line":72},"5":{"name":"(anonymous_5)","decl":{"start":{"line":82,"column":28},"end":{"line":82,"column":29}},"loc":{"start":{"line":82,"column":35},"end":{"line":82,"column":53}},"line":82},"6":{"name":"(anonymous_6)","decl":{"start":{"line":117,"column":25},"end":{"line":117,"column":26}},"loc":{"start":{"line":117,"column":39},"end":{"line":181,"column":11}},"line":117},"7":{"name":"(anonymous_7)","decl":{"start":{"line":151,"column":32},"end":{"line":151,"column":33}},"loc":{"start":{"line":151,"column":39},"end":{"line":151,"column":60}},"line":151},"8":{"name":"(anonymous_8)","decl":{"start":{"line":152,"column":29},"end":{"line":152,"column":30}},"loc":{"start":{"line":152,"column":36},"end":{"line":152,"column":49}},"line":152},"9":{"name":"(anonymous_9)","decl":{"start":{"line":173,"column":29},"end":{"line":173,"column":30}},"loc":{"start":{"line":173,"column":36},"end":{"line":176,"column":21}},"line":173}},"branchMap":{"0":{"loc":{"start":{"line":9,"column":2},"end":{"line":9,"column":16}},"type":"default-arg","locations":[{"start":{"line":9,"column":14},"end":{"line":9,"column":16}}],"line":9},"1":{"loc":{"start":{"line":60,"column":11},"end":{"line":60,"column":45}},"type":"binary-expr","locations":[{"start":{"line":60,"column":11},"end":{"line":60,"column":27}},{"start":{"line":60,"column":31},"end":{"line":60,"column":45}}],"line":60},"2":{"loc":{"start":{"line":65,"column":4},"end":{"line":65,"column":28}},"type":"if","locations":[{"start":{"line":65,"column":4},"end":{"line":65,"column":28}},{"start":{},"end":{}}],"line":65},"3":{"loc":{"start":{"line":74,"column":4},"end":{"line":76,"column":5}},"type":"if","locations":[{"start":{"line":74,"column":4},"end":{"line":76,"column":5}},{"start":{},"end":{}}],"line":74},"4":{"loc":{"start":{"line":78,"column":4},"end":{"line":80,"column":5}},"type":"if","locations":[{"start":{"line":78,"column":4},"end":{"line":80,"column":5}},{"start":{},"end":{}}],"line":78},"5":{"loc":{"start":{"line":85,"column":2},"end":{"line":99,"column":3}},"type":"if","locations":[{"start":{"line":85,"column":2},"end":{"line":99,"column":3}},{"start":{},"end":{}}],"line":85},"6":{"loc":{"start":{"line":111,"column":11},"end":{"line":111,"column":63}},"type":"cond-expr","locations":[{"start":{"line":111,"column":28},"end":{"line":111,"column":43}},{"start":{"line":111,"column":46},"end":{"line":111,"column":63}}],"line":111},"7":{"loc":{"start":{"line":127,"column":29},"end":{"line":127,"column":82}},"type":"cond-expr","locations":[{"start":{"line":127,"column":56},"end":{"line":127,"column":68}},{"start":{"line":127,"column":71},"end":{"line":127,"column":82}}],"line":127},"8":{"loc":{"start":{"line":128,"column":20},"end":{"line":128,"column":68}},"type":"cond-expr","locations":[{"start":{"line":128,"column":47},"end":{"line":128,"column":58}},{"start":{"line":128,"column":61},"end":{"line":128,"column":68}}],"line":128},"9":{"loc":{"start":{"line":139,"column":37},"end":{"line":139,"column":81}},"type":"cond-expr","locations":[{"start":{"line":139,"column":64},"end":{"line":139,"column":72}},{"start":{"line":139,"column":75},"end":{"line":139,"column":81}}],"line":139},"10":{"loc":{"start":{"line":143,"column":25},"end":{"line":145,"column":43}},"type":"cond-expr","locations":[{"start":{"line":144,"column":28},"end":{"line":144,"column":68}},{"start":{"line":145,"column":28},"end":{"line":145,"column":43}}],"line":143}},"s":{"0":0,"1":0,"2":0,"3":0,"4":0,"5":0,"6":0,"7":0,"8":0,"9":0,"10":0,"11":0,"12":0,"13":0,"14":0,"15":0,"16":0,"17":0,"18":0,"19":0,"20":0,"21":0,"22":0,"23":0,"24":0,"25":0,"26":0,"27":0,"28":0,"29":0,"30":0,"31":0,"32":0},"f":{"0":0,"1":0,"2":0,"3":0,"4":0,"5":0,"6":0,"7":0,"8":0,"9":0},"b":{"0":[0],"1":[0,0],"2":[0,0],"3":[0,0],"4":[0,0],"5":[0,0],"6":[0,0],"7":[0,0],"8":[0,0],"9":[0,0],"10":[0,0]}}
,"/Users/inakiechaide/Desktop/heater-control/src/components/ScheduleManager.jsx": {"path":"/Users/inakiechaide/Desktop/heater-control/src/components/ScheduleManager.jsx","statementMap":{"0":{"start":{"line":26,"column":18},"end":{"line":34,"column":1}},"1":{"start":{"line":45,"column":24},"end":{"line":637,"column":1}},"2":{"start":{"line":52,"column":22},"end":{"line":52,"column":63}},"3":{"start":{"line":53,"column":17},"end":{"line":53,"column":55}},"4":{"start":{"line":54,"column":20},"end":{"line":54,"column":61}},"5":{"start":{"line":55,"column":25},"end":{"line":55,"column":66}},"6":{"start":{"line":58,"column":16},"end":{"line":58,"column":26}},"7":{"start":{"line":61,"column":40},"end":{"line":61,"column":55}},"8":{"start":{"line":62,"column":42},"end":{"line":62,"column":57}},"9":{"start":{"line":63,"column":38},"end":{"line":63,"column":53}},"10":{"start":{"line":64,"column":38},"end":{"line":64,"column":50}},"11":{"start":{"line":65,"column":36},"end":{"line":65,"column":53}},"12":{"start":{"line":66,"column":32},"end":{"line":66,"column":49}},"13":{"start":{"line":67,"column":42},"end":{"line":67,"column":57}},"14":{"start":{"line":68,"column":46},"end":{"line":68,"column":65}},"15":{"start":{"line":71,"column":19},"end":{"line":71,"column":28}},"16":{"start":{"line":73,"column":42},"end":{"line":78,"column":3}},"17":{"start":{"line":74,"column":35},"end":{"line":77,"column":5}},"18":{"start":{"line":81,"column":21},"end":{"line":127,"column":3}},"19":{"start":{"line":130,"column":2},"end":{"line":147,"column":26}},"20":{"start":{"line":131,"column":4},"end":{"line":131,"column":33}},"21":{"start":{"line":134,"column":4},"end":{"line":146,"column":5}},"22":{"start":{"line":135,"column":6},"end":{"line":135,"column":29}},"23":{"start":{"line":136,"column":6},"end":{"line":136,"column":24}},"24":{"start":{"line":137,"column":6},"end":{"line":137,"column":27}},"25":{"start":{"line":138,"column":6},"end":{"line":138,"column":28}},"26":{"start":{"line":139,"column":6},"end":{"line":139,"column":26}},"27":{"start":{"line":140,"column":6},"end":{"line":145,"column":8}},"28":{"start":{"line":141,"column":39},"end":{"line":144,"column":9}},"29":{"start":{"line":150,"column":21},"end":{"line":150,"column":41}},"30":{"start":{"line":150,"column":31},"end":{"line":150,"column":41}},"31":{"start":{"line":152,"column":28},"end":{"line":152,"column":76}},"32":{"start":{"line":152,"column":44},"end":{"line":152,"column":76}},"33":{"start":{"line":155,"column":25},"end":{"line":168,"column":3}},"34":{"start":{"line":156,"column":22},"end":{"line":160,"column":5}},"35":{"start":{"line":157,"column":6},"end":{"line":157,"column":29}},"36":{"start":{"line":157,"column":20},"end":{"line":157,"column":29}},"37":{"start":{"line":158,"column":31},"end":{"line":158,"column":61}},"38":{"start":{"line":159,"column":6},"end":{"line":159,"column":34}},"39":{"start":{"line":162,"column":15},"end":{"line":162,"column":32}},"40":{"start":{"line":163,"column":15},"end":{"line":163,"column":30}},"41":{"start":{"line":164,"column":15},"end":{"line":164,"column":32}},"42":{"start":{"line":165,"column":15},"end":{"line":165,"column":30}},"43":{"start":{"line":167,"column":4},"end":{"line":167,"column":30}},"44":{"start":{"line":171,"column":24},"end":{"line":172,"column":77}},"45":{"start":{"line":172,"column":4},"end":{"line":172,"column":77}},"46":{"start":{"line":175,"column":28},"end":{"line":339,"column":3}},"47":{"start":{"line":177,"column":28},"end":{"line":177,"column":72}},"48":{"start":{"line":177,"column":68},"end":{"line":177,"column":71}},"49":{"start":{"line":178,"column":23},"end":{"line":178,"column":38}},"50":{"start":{"line":181,"column":22},"end":{"line":188,"column":9}},"51":{"start":{"line":184,"column":44},"end":{"line":187,"column":11}},"52":{"start":{"line":191,"column":22},"end":{"line":191,"column":56}},"53":{"start":{"line":192,"column":29},"end":{"line":192,"column":59}},"54":{"start":{"line":195,"column":4},"end":{"line":204,"column":5}},"55":{"start":{"line":196,"column":6},"end":{"line":202,"column":9}},"56":{"start":{"line":203,"column":6},"end":{"line":203,"column":13}},"57":{"start":{"line":207,"column":24},"end":{"line":290,"column":6}},"58":{"start":{"line":209,"column":26},"end":{"line":209,"column":31}},"59":{"start":{"line":211,"column":6},"end":{"line":247,"column":7}},"60":{"start":{"line":213,"column":8},"end":{"line":216,"column":11}},"61":{"start":{"line":215,"column":10},"end":{"line":215,"column":62}},"62":{"start":{"line":219,"column":8},"end":{"line":219,"column":41}},"63":{"start":{"line":219,"column":28},"end":{"line":219,"column":41}},"64":{"start":{"line":222,"column":24},"end":{"line":227,"column":9}},"65":{"start":{"line":229,"column":8},"end":{"line":244,"column":9}},"66":{"start":{"line":231,"column":27},"end":{"line":232,"column":75}},"67":{"start":{"line":235,"column":10},"end":{"line":241,"column":13}},"68":{"start":{"line":243,"column":10},"end":{"line":243,"column":22}},"69":{"start":{"line":246,"column":8},"end":{"line":246,"column":21}},"70":{"start":{"line":250,"column":6},"end":{"line":252,"column":8}},"71":{"start":{"line":251,"column":8},"end":{"line":251,"column":53}},"72":{"start":{"line":254,"column":6},"end":{"line":254,"column":39}},"73":{"start":{"line":254,"column":26},"end":{"line":254,"column":39}},"74":{"start":{"line":257,"column":22},"end":{"line":262,"column":7}},"75":{"start":{"line":264,"column":6},"end":{"line":287,"column":7}},"76":{"start":{"line":266,"column":25},"end":{"line":267,"column":74}},"77":{"start":{"line":270,"column":8},"end":{"line":286,"column":9}},"78":{"start":{"line":271,"column":10},"end":{"line":277,"column":13}},"79":{"start":{"line":279,"column":10},"end":{"line":285,"column":13}},"80":{"start":{"line":289,"column":6},"end":{"line":289,"column":21}},"81":{"start":{"line":292,"column":4},"end":{"line":305,"column":5}},"82":{"start":{"line":293,"column":25},"end":{"line":295,"column":25}},"83":{"start":{"line":297,"column":6},"end":{"line":303,"column":9}},"84":{"start":{"line":304,"column":6},"end":{"line":304,"column":13}},"85":{"start":{"line":308,"column":24},"end":{"line":315,"column":5}},"86":{"start":{"line":317,"column":4},"end":{"line":317,"column":56}},"87":{"start":{"line":319,"column":4},"end":{"line":319,"column":56}},"88":{"start":{"line":322,"column":4},"end":{"line":322,"column":26}},"89":{"start":{"line":323,"column":4},"end":{"line":323,"column":24}},"90":{"start":{"line":324,"column":4},"end":{"line":324,"column":27}},"91":{"start":{"line":325,"column":4},"end":{"line":325,"column":22}},"92":{"start":{"line":326,"column":4},"end":{"line":331,"column":6}},"93":{"start":{"line":327,"column":37},"end":{"line":330,"column":7}},"94":{"start":{"line":333,"column":4},"end":{"line":338,"column":7}},"95":{"start":{"line":341,"column":31},"end":{"line":350,"column":3}},"96":{"start":{"line":342,"column":4},"end":{"line":342,"column":77}},"97":{"start":{"line":342,"column":56},"end":{"line":342,"column":74}},"98":{"start":{"line":344,"column":4},"end":{"line":349,"column":7}},"99":{"start":{"line":352,"column":30},"end":{"line":374,"column":3}},"100":{"start":{"line":353,"column":4},"end":{"line":353,"column":26}},"101":{"start":{"line":354,"column":4},"end":{"line":373,"column":5}},"102":{"start":{"line":355,"column":6},"end":{"line":355,"column":35}},"103":{"start":{"line":356,"column":6},"end":{"line":361,"column":9}},"104":{"start":{"line":362,"column":6},"end":{"line":362,"column":16}},"105":{"start":{"line":364,"column":6},"end":{"line":370,"column":9}},"106":{"start":{"line":372,"column":6},"end":{"line":372,"column":29}},"107":{"start":{"line":377,"column":2},"end":{"line":636,"column":4}},"108":{"start":{"line":395,"column":41},"end":{"line":395,"column":69}},"109":{"start":{"line":403,"column":41},"end":{"line":403,"column":67}},"110":{"start":{"line":421,"column":69},"end":{"line":421,"column":84}},"111":{"start":{"line":422,"column":46},"end":{"line":422,"column":56}},"112":{"start":{"line":423,"column":24},"end":{"line":453,"column":26}},"113":{"start":{"line":444,"column":30},"end":{"line":444,"column":52}},"114":{"start":{"line":445,"column":30},"end":{"line":445,"column":51}},"115":{"start":{"line":466,"column":26},"end":{"line":466,"column":47}},"116":{"start":{"line":467,"column":26},"end":{"line":469,"column":27}},"117":{"start":{"line":468,"column":28},"end":{"line":468,"column":48}},"118":{"start":{"line":471,"column":44},"end":{"line":471,"column":64}},"119":{"start":{"line":472,"column":44},"end":{"line":472,"column":65}},"120":{"start":{"line":504,"column":24},"end":{"line":516,"column":35}},"121":{"start":{"line":508,"column":30},"end":{"line":511,"column":32}},"122":{"start":{"line":544,"column":40},"end":{"line":544,"column":83}},"123":{"start":{"line":545,"column":39},"end":{"line":545,"column":53}},"124":{"start":{"line":547,"column":22},"end":{"line":611,"column":24}},"125":{"start":{"line":577,"column":51},"end":{"line":577,"column":72}},"126":{"start":{"line":579,"column":38},"end":{"line":596,"column":48}},"127":{"start":{"line":607,"column":45},"end":{"line":607,"column":78}}},"fnMap":{"0":{"name":"(anonymous_0)","decl":{"start":{"line":45,"column":24},"end":{"line":45,"column":25}},"loc":{"start":{"line":50,"column":6},"end":{"line":637,"column":1}},"line":50},"1":{"name":"(anonymous_1)","decl":{"start":{"line":74,"column":20},"end":{"line":74,"column":21}},"loc":{"start":{"line":74,"column":35},"end":{"line":77,"column":5}},"line":74},"2":{"name":"(anonymous_2)","decl":{"start":{"line":130,"column":12},"end":{"line":130,"column":13}},"loc":{"start":{"line":130,"column":18},"end":{"line":147,"column":3}},"line":130},"3":{"name":"(anonymous_3)","decl":{"start":{"line":141,"column":24},"end":{"line":141,"column":25}},"loc":{"start":{"line":141,"column":39},"end":{"line":144,"column":9}},"line":141},"4":{"name":"(anonymous_4)","decl":{"start":{"line":150,"column":21},"end":{"line":150,"column":22}},"loc":{"start":{"line":150,"column":31},"end":{"line":150,"column":41}},"line":150},"5":{"name":"(anonymous_5)","decl":{"start":{"line":152,"column":28},"end":{"line":152,"column":29}},"loc":{"start":{"line":152,"column":44},"end":{"line":152,"column":76}},"line":152},"6":{"name":"(anonymous_6)","decl":{"start":{"line":155,"column":25},"end":{"line":155,"column":26}},"loc":{"start":{"line":155,"column":57},"end":{"line":168,"column":3}},"line":155},"7":{"name":"(anonymous_7)","decl":{"start":{"line":156,"column":22},"end":{"line":156,"column":23}},"loc":{"start":{"line":156,"column":35},"end":{"line":160,"column":5}},"line":156},"8":{"name":"(anonymous_8)","decl":{"start":{"line":171,"column":24},"end":{"line":171,"column":25}},"loc":{"start":{"line":172,"column":4},"end":{"line":172,"column":77}},"line":172},"9":{"name":"(anonymous_9)","decl":{"start":{"line":175,"column":28},"end":{"line":175,"column":29}},"loc":{"start":{"line":175,"column":34},"end":{"line":339,"column":3}},"line":175},"10":{"name":"(anonymous_10)","decl":{"start":{"line":177,"column":61},"end":{"line":177,"column":62}},"loc":{"start":{"line":177,"column":68},"end":{"line":177,"column":71}},"line":177},"11":{"name":"(anonymous_11)","decl":{"start":{"line":184,"column":29},"end":{"line":184,"column":30}},"loc":{"start":{"line":184,"column":44},"end":{"line":187,"column":11}},"line":184},"12":{"name":"(anonymous_12)","decl":{"start":{"line":207,"column":44},"end":{"line":207,"column":45}},"loc":{"start":{"line":207,"column":56},"end":{"line":290,"column":5}},"line":207},"13":{"name":"(anonymous_13)","decl":{"start":{"line":213,"column":56},"end":{"line":213,"column":57}},"loc":{"start":{"line":213,"column":65},"end":{"line":216,"column":9}},"line":213},"14":{"name":"(anonymous_14)","decl":{"start":{"line":250,"column":36},"end":{"line":250,"column":37}},"loc":{"start":{"line":251,"column":8},"end":{"line":251,"column":53}},"line":251},"15":{"name":"(anonymous_15)","decl":{"start":{"line":327,"column":22},"end":{"line":327,"column":23}},"loc":{"start":{"line":327,"column":37},"end":{"line":330,"column":7}},"line":327},"16":{"name":"(anonymous_16)","decl":{"start":{"line":341,"column":31},"end":{"line":341,"column":32}},"loc":{"start":{"line":341,"column":39},"end":{"line":350,"column":3}},"line":341},"17":{"name":"(anonymous_17)","decl":{"start":{"line":342,"column":44},"end":{"line":342,"column":45}},"loc":{"start":{"line":342,"column":56},"end":{"line":342,"column":74}},"line":342},"18":{"name":"(anonymous_18)","decl":{"start":{"line":352,"column":30},"end":{"line":352,"column":31}},"loc":{"start":{"line":352,"column":42},"end":{"line":374,"column":3}},"line":352},"19":{"name":"(anonymous_19)","decl":{"start":{"line":395,"column":34},"end":{"line":395,"column":35}},"loc":{"start":{"line":395,"column":41},"end":{"line":395,"column":69}},"line":395},"20":{"name":"(anonymous_20)","decl":{"start":{"line":403,"column":34},"end":{"line":403,"column":35}},"loc":{"start":{"line":403,"column":41},"end":{"line":403,"column":67}},"line":403},"21":{"name":"(anonymous_21)","decl":{"start":{"line":421,"column":57},"end":{"line":421,"column":58}},"loc":{"start":{"line":421,"column":69},"end":{"line":421,"column":84}},"line":421},"22":{"name":"(anonymous_22)","decl":{"start":{"line":421,"column":90},"end":{"line":421,"column":91}},"loc":{"start":{"line":421,"column":109},"end":{"line":454,"column":23}},"line":421},"23":{"name":"(anonymous_23)","decl":{"start":{"line":443,"column":37},"end":{"line":443,"column":38}},"loc":{"start":{"line":443,"column":43},"end":{"line":446,"column":29}},"line":443},"24":{"name":"(anonymous_24)","decl":{"start":{"line":465,"column":34},"end":{"line":465,"column":35}},"loc":{"start":{"line":465,"column":45},"end":{"line":470,"column":25}},"line":465},"25":{"name":"(anonymous_25)","decl":{"start":{"line":471,"column":38},"end":{"line":471,"column":39}},"loc":{"start":{"line":471,"column":44},"end":{"line":471,"column":64}},"line":471},"26":{"name":"(anonymous_26)","decl":{"start":{"line":472,"column":38},"end":{"line":472,"column":39}},"loc":{"start":{"line":472,"column":44},"end":{"line":472,"column":65}},"line":472},"27":{"name":"(anonymous_27)","decl":{"start":{"line":503,"column":36},"end":{"line":503,"column":37}},"loc":{"start":{"line":504,"column":24},"end":{"line":516,"column":35}},"line":504},"28":{"name":"(anonymous_28)","decl":{"start":{"line":507,"column":38},"end":{"line":507,"column":39}},"loc":{"start":{"line":508,"column":30},"end":{"line":511,"column":32}},"line":508},"29":{"name":"(anonymous_29)","decl":{"start":{"line":543,"column":40},"end":{"line":543,"column":41}},"loc":{"start":{"line":543,"column":54},"end":{"line":612,"column":21}},"line":543},"30":{"name":"(anonymous_30)","decl":{"start":{"line":577,"column":44},"end":{"line":577,"column":45}},"loc":{"start":{"line":577,"column":51},"end":{"line":577,"column":72}},"line":577},"31":{"name":"(anonymous_31)","decl":{"start":{"line":578,"column":41},"end":{"line":578,"column":42}},"loc":{"start":{"line":579,"column":38},"end":{"line":596,"column":48}},"line":579},"32":{"name":"(anonymous_32)","decl":{"start":{"line":607,"column":39},"end":{"line":607,"column":40}},"loc":{"start":{"line":607,"column":45},"end":{"line":607,"column":78}},"line":607}},"branchMap":{"0":{"loc":{"start":{"line":49,"column":2},"end":{"line":49,"column":16}},"type":"default-arg","locations":[{"start":{"line":49,"column":14},"end":{"line":49,"column":16}}],"line":49},"1":{"loc":{"start":{"line":134,"column":4},"end":{"line":146,"column":5}},"type":"if","locations":[{"start":{"line":134,"column":4},"end":{"line":146,"column":5}},{"start":{},"end":{}}],"line":134},"2":{"loc":{"start":{"line":150,"column":31},"end":{"line":150,"column":41}},"type":"binary-expr","locations":[{"start":{"line":150,"column":31},"end":{"line":150,"column":35}},{"start":{"line":150,"column":39},"end":{"line":150,"column":41}}],"line":150},"3":{"loc":{"start":{"line":157,"column":6},"end":{"line":157,"column":29}},"type":"if","locations":[{"start":{"line":157,"column":6},"end":{"line":157,"column":29}},{"start":{},"end":{}}],"line":157},"4":{"loc":{"start":{"line":167,"column":11},"end":{"line":167,"column":29}},"type":"binary-expr","locations":[{"start":{"line":167,"column":11},"end":{"line":167,"column":18}},{"start":{"line":167,"column":22},"end":{"line":167,"column":29}}],"line":167},"5":{"loc":{"start":{"line":181,"column":22},"end":{"line":188,"column":9}},"type":"cond-expr","locations":[{"start":{"line":182,"column":8},"end":{"line":182,"column":27}},{"start":{"line":183,"column":8},"end":{"line":188,"column":9}}],"line":181},"6":{"loc":{"start":{"line":191,"column":22},"end":{"line":191,"column":56}},"type":"cond-expr","locations":[{"start":{"line":191,"column":35},"end":{"line":191,"column":41}},{"start":{"line":191,"column":44},"end":{"line":191,"column":56}}],"line":191},"7":{"loc":{"start":{"line":192,"column":29},"end":{"line":192,"column":59}},"type":"cond-expr","locations":[{"start":{"line":192,"column":42},"end":{"line":192,"column":52}},{"start":{"line":192,"column":55},"end":{"line":192,"column":59}}],"line":192},"8":{"loc":{"start":{"line":195,"column":4},"end":{"line":204,"column":5}},"type":"if","locations":[{"start":{"line":195,"column":4},"end":{"line":204,"column":5}},{"start":{},"end":{}}],"line":195},"9":{"loc":{"start":{"line":211,"column":6},"end":{"line":247,"column":7}},"type":"if","locations":[{"start":{"line":211,"column":6},"end":{"line":247,"column":7}},{"start":{},"end":{}}],"line":211},"10":{"loc":{"start":{"line":215,"column":17},"end":{"line":215,"column":61}},"type":"binary-expr","locations":[{"start":{"line":215,"column":17},"end":{"line":215,"column":37}},{"start":{"line":215,"column":41},"end":{"line":215,"column":61}}],"line":215},"11":{"loc":{"start":{"line":219,"column":8},"end":{"line":219,"column":41}},"type":"if","locations":[{"start":{"line":219,"column":8},"end":{"line":219,"column":41}},{"start":{},"end":{}}],"line":219},"12":{"loc":{"start":{"line":229,"column":8},"end":{"line":244,"column":9}},"type":"if","locations":[{"start":{"line":229,"column":8},"end":{"line":244,"column":9}},{"start":{},"end":{}}],"line":229},"13":{"loc":{"start":{"line":231,"column":27},"end":{"line":232,"column":75}},"type":"binary-expr","locations":[{"start":{"line":231,"column":28},"end":{"line":231,"column":55}},{"start":{"line":232,"column":26},"end":{"line":232,"column":50}},{"start":{"line":232,"column":54},"end":{"line":232,"column":74}}],"line":231},"14":{"loc":{"start":{"line":237,"column":64},"end":{"line":237,"column":138}},"type":"cond-expr","locations":[{"start":{"line":237,"column":91},"end":{"line":237,"column":103}},{"start":{"line":237,"column":106},"end":{"line":237,"column":138}}],"line":237},"15":{"loc":{"start":{"line":251,"column":8},"end":{"line":251,"column":53}},"type":"binary-expr","locations":[{"start":{"line":251,"column":8},"end":{"line":251,"column":28}},{"start":{"line":251,"column":32},"end":{"line":251,"column":53}}],"line":251},"16":{"loc":{"start":{"line":254,"column":6},"end":{"line":254,"column":39}},"type":"if","locations":[{"start":{"line":254,"column":6},"end":{"line":254,"column":39}},{"start":{},"end":{}}],"line":254},"17":{"loc":{"start":{"line":264,"column":6},"end":{"line":287,"column":7}},"type":"if","locations":[{"start":{"line":264,"column":6},"end":{"line":287,"column":7}},{"start":{},"end":{}}],"line":264},"18":{"loc":{"start":{"line":266,"column":25},"end":{"line":267,"column":74}},"type":"binary-expr","locations":[{"start":{"line":266,"column":26},"end":{"line":266,"column":53}},{"start":{"line":267,"column":25},"end":{"line":267,"column":49}},{"start":{"line":267,"column":53},"end":{"line":267,"column":73}}],"line":266},"19":{"loc":{"start":{"line":270,"column":8},"end":{"line":286,"column":9}},"type":"if","locations":[{"start":{"line":270,"column":8},"end":{"line":286,"column":9}},{"start":{"line":278,"column":15},"end":{"line":286,"column":9}}],"line":270},"20":{"loc":{"start":{"line":273,"column":64},"end":{"line":273,"column":138}},"type":"cond-expr","locations":[{"start":{"line":273,"column":91},"end":{"line":273,"column":103}},{"start":{"line":273,"column":106},"end":{"line":273,"column":138}}],"line":273},"21":{"loc":{"start":{"line":281,"column":64},"end":{"line":281,"column":138}},"type":"cond-expr","locations":[{"start":{"line":281,"column":91},"end":{"line":281,"column":103}},{"start":{"line":281,"column":106},"end":{"line":281,"column":138}}],"line":281},"22":{"loc":{"start":{"line":292,"column":4},"end":{"line":305,"column":5}},"type":"if","locations":[{"start":{"line":292,"column":4},"end":{"line":305,"column":5}},{"start":{},"end":{}}],"line":292},"23":{"loc":{"start":{"line":293,"column":25},"end":{"line":295,"column":25}},"type":"cond-expr","locations":[{"start":{"line":294,"column":10},"end":{"line":294,"column":34}},{"start":{"line":295,"column":10},"end":{"line":295,"column":25}}],"line":293},"24":{"loc":{"start":{"line":411,"column":23},"end":{"line":413,"column":74}},"type":"cond-expr","locations":[{"start":{"line":412,"column":26},"end":{"line":412,"column":64}},{"start":{"line":413,"column":26},"end":{"line":413,"column":74}}],"line":411},"25":{"loc":{"start":{"line":413,"column":35},"end":{"line":413,"column":72}},"type":"binary-expr","locations":[{"start":{"line":413,"column":35},"end":{"line":413,"column":66}},{"start":{"line":413,"column":70},"end":{"line":413,"column":72}}],"line":413},"26":{"loc":{"start":{"line":415,"column":21},"end":{"line":419,"column":21}},"type":"binary-expr","locations":[{"start":{"line":415,"column":21},"end":{"line":415,"column":31}},{"start":{"line":416,"column":22},"end":{"line":418,"column":29}}],"line":415},"27":{"loc":{"start":{"line":430,"column":32},"end":{"line":430,"column":81}},"type":"cond-expr","locations":[{"start":{"line":430,"column":56},"end":{"line":430,"column":70}},{"start":{"line":430,"column":73},"end":{"line":430,"column":81}}],"line":430},"28":{"loc":{"start":{"line":431,"column":41},"end":{"line":431,"column":98}},"type":"cond-expr","locations":[{"start":{"line":431,"column":65},"end":{"line":431,"column":82}},{"start":{"line":431,"column":85},"end":{"line":431,"column":98}}],"line":431},"29":{"loc":{"start":{"line":467,"column":26},"end":{"line":469,"column":27}},"type":"if","locations":[{"start":{"line":467,"column":26},"end":{"line":469,"column":27}},{"start":{},"end":{}}],"line":467},"30":{"loc":{"start":{"line":475,"column":49},"end":{"line":475,"column":85}},"type":"cond-expr","locations":[{"start":{"line":475,"column":62},"end":{"line":475,"column":72}},{"start":{"line":475,"column":75},"end":{"line":475,"column":85}}],"line":475},"31":{"loc":{"start":{"line":493,"column":25},"end":{"line":495,"column":87}},"type":"cond-expr","locations":[{"start":{"line":494,"column":28},"end":{"line":494,"column":70}},{"start":{"line":495,"column":28},"end":{"line":495,"column":87}}],"line":493},"32":{"loc":{"start":{"line":539,"column":17},"end":{"line":614,"column":17}},"type":"cond-expr","locations":[{"start":{"line":540,"column":18},"end":{"line":540,"column":62}},{"start":{"line":542,"column":18},"end":{"line":613,"column":27}}],"line":539},"33":{"loc":{"start":{"line":544,"column":40},"end":{"line":544,"column":83}},"type":"binary-expr","locations":[{"start":{"line":544,"column":40},"end":{"line":544,"column":65}},{"start":{"line":544,"column":69},"end":{"line":544,"column":83}}],"line":544},"34":{"loc":{"start":{"line":553,"column":39},"end":{"line":553,"column":92}},"type":"cond-expr","locations":[{"start":{"line":553,"column":66},"end":{"line":553,"column":78}},{"start":{"line":553,"column":81},"end":{"line":553,"column":92}}],"line":553},"35":{"loc":{"start":{"line":554,"column":30},"end":{"line":554,"column":83}},"type":"cond-expr","locations":[{"start":{"line":554,"column":57},"end":{"line":554,"column":68}},{"start":{"line":554,"column":71},"end":{"line":554,"column":83}}],"line":554},"36":{"loc":{"start":{"line":555,"column":37},"end":{"line":555,"column":116}},"type":"cond-expr","locations":[{"start":{"line":555,"column":64},"end":{"line":555,"column":107}},{"start":{"line":555,"column":110},"end":{"line":555,"column":116}}],"line":555},"37":{"loc":{"start":{"line":567,"column":39},"end":{"line":567,"column":96}},"type":"cond-expr","locations":[{"start":{"line":567,"column":66},"end":{"line":567,"column":78}},{"start":{"line":567,"column":81},"end":{"line":567,"column":96}}],"line":567},"38":{"loc":{"start":{"line":570,"column":33},"end":{"line":572,"column":51}},"type":"cond-expr","locations":[{"start":{"line":571,"column":36},"end":{"line":571,"column":76}},{"start":{"line":572,"column":36},"end":{"line":572,"column":51}}],"line":570},"39":{"loc":{"start":{"line":582,"column":44},"end":{"line":586,"column":52}},"type":"cond-expr","locations":[{"start":{"line":582,"column":70},"end":{"line":582,"column":76}},{"start":{"line":583,"column":44},"end":{"line":586,"column":52}}],"line":582},"40":{"loc":{"start":{"line":583,"column":44},"end":{"line":586,"column":52}},"type":"cond-expr","locations":[{"start":{"line":583,"column":72},"end":{"line":583,"column":78}},{"start":{"line":584,"column":44},"end":{"line":586,"column":52}}],"line":583},"41":{"loc":{"start":{"line":584,"column":44},"end":{"line":586,"column":52}},"type":"cond-expr","locations":[{"start":{"line":584,"column":70},"end":{"line":584,"column":77}},{"start":{"line":585,"column":44},"end":{"line":586,"column":52}}],"line":584},"42":{"loc":{"start":{"line":585,"column":44},"end":{"line":586,"column":52}},"type":"cond-expr","locations":[{"start":{"line":585,"column":70},"end":{"line":585,"column":75}},{"start":{"line":586,"column":44},"end":{"line":586,"column":52}}],"line":585},"43":{"loc":{"start":{"line":627,"column":24},"end":{"line":627,"column":67}},"type":"binary-expr","locations":[{"start":{"line":627,"column":24},"end":{"line":627,"column":51}},{"start":{"line":627,"column":55},"end":{"line":627,"column":67}}],"line":627}},"s":{"0":0,"1":0,"2":0,"3":0,"4":0,"5":0,"6":0,"7":0,"8":0,"9":0,"10":0,"11":0,"12":0,"13":0,"14":0,"15":0,"16":0,"17":0,"18":0,"19":0,"20":0,"21":0,"22":0,"23":0,"24":0,"25":0,"26":0,"27":0,"28":0,"29":0,"30":0,"31":0,"32":0,"33":0,"34":0,"35":0,"36":0,"37":0,"38":0,"39":0,"40":0,"41":0,"42":0,"43":0,"44":0,"45":0,"46":0,"47":0,"48":0,"49":0,"50":0,"51":0,"52":0,"53":0,"54":0,"55":0,"56":0,"57":0,"58":0,"59":0,"60":0,"61":0,"62":0,"63":0,"64":0,"65":0,"66":0,"67":0,"68":0,"69":0,"70":0,"71":0,"72":0,"73":0,"74":0,"75":0,"76":0,"77":0,"78":0,"79":0,"80":0,"81":0,"82":0,"83":0,"84":0,"85":0,"86":0,"87":0,"88":0,"89":0,"90":0,"91":0,"92":0,"93":0,"94":0,"95":0,"96":0,"97":0,"98":0,"99":0,"100":0,"101":0,"102":0,"103":0,"104":0,"105":0,"106":0,"107":0,"108":0,"109":0,"110":0,"111":0,"112":0,"113":0,"114":0,"115":0,"116":0,"117":0,"118":0,"119":0,"120":0,"121":0,"122":0,"123":0,"124":0,"125":0,"126":0,"127":0},"f":{"0":0,"1":0,"2":0,"3":0,"4":0,"5":0,"6":0,"7":0,"8":0,"9":0,"10":0,"11":0,"12":0,"13":0,"14":0,"15":0,"16":0,"17":0,"18":0,"19":0,"20":0,"21":0,"22":0,"23":0,"24":0,"25":0,"26":0,"27":0,"28":0,"29":0,"30":0,"31":0,"32":0},"b":{"0":[0],"1":[0,0],"2":[0,0],"3":[0,0],"4":[0,0],"5":[0,0],"6":[0,0],"7":[0,0],"8":[0,0],"9":[0,0],"10":[0,0],"11":[0,0],"12":[0,0],"13":[0,0,0],"14":[0,0],"15":[0,0],"16":[0,0],"17":[0,0],"18":[0,0,0],"19":[0,0],"20":[0,0],"21":[0,0],"22":[0,0],"23":[0,0],"24":[0,0],"25":[0,0],"26":[0,0],"27":[0,0],"28":[0,0],"29":[0,0],"30":[0,0],"31":[0,0],"32":[0,0],"33":[0,0],"34":[0,0],"35":[0,0],"36":[0,0],"37":[0,0],"38":[0,0],"39":[0,0],"40":[0,0],"41":[0,0],"42":[0,0],"43":[0,0]}}
,"/Users/inakiechaide/Desktop/heater-control/src/hooks/useScheduleManager.js": {"path":"/Users/inakiechaide/Desktop/heater-control/src/hooks/useScheduleManager.js","statementMap":{"0":{"start":{"line":5,"column":18},"end":{"line":13,"column":1}},"1":{"start":{"line":16,"column":22},"end":{"line":20,"column":1}},"2":{"start":{"line":17,"column":2},"end":{"line":17,"column":25}},"3":{"start":{"line":17,"column":16},"end":{"line":17,"column":25}},"4":{"start":{"line":18,"column":27},"end":{"line":18,"column":57}},"5":{"start":{"line":19,"column":2},"end":{"line":19,"column":30}},"6":{"start":{"line":23,"column":23},"end":{"line":30,"column":1}},"7":{"start":{"line":24,"column":13},"end":{"line":24,"column":34}},"8":{"start":{"line":25,"column":13},"end":{"line":25,"column":32}},"9":{"start":{"line":26,"column":13},"end":{"line":26,"column":34}},"10":{"start":{"line":27,"column":13},"end":{"line":27,"column":32}},"11":{"start":{"line":29,"column":2},"end":{"line":29,"column":28}},"12":{"start":{"line":32,"column":34},"end":{"line":231,"column":1}},"13":{"start":{"line":33,"column":46},"end":{"line":33,"column":65}},"14":{"start":{"line":34,"column":42},"end":{"line":34,"column":57}},"15":{"start":{"line":35,"column":38},"end":{"line":35,"column":53}},"16":{"start":{"line":36,"column":42},"end":{"line":36,"column":57}},"17":{"start":{"line":37,"column":38},"end":{"line":37,"column":50}},"18":{"start":{"line":38,"column":36},"end":{"line":38,"column":53}},"19":{"start":{"line":39,"column":32},"end":{"line":39,"column":49}},"20":{"start":{"line":40,"column":42},"end":{"line":40,"column":54}},"21":{"start":{"line":41,"column":16},"end":{"line":41,"column":26}},"22":{"start":{"line":44,"column":2},"end":{"line":46,"column":18}},"23":{"start":{"line":45,"column":4},"end":{"line":45,"column":33}},"24":{"start":{"line":49,"column":24},"end":{"line":51,"column":8}},"25":{"start":{"line":50,"column":4},"end":{"line":50,"column":85}},"26":{"start":{"line":54,"column":27},"end":{"line":85,"column":21}},"27":{"start":{"line":55,"column":28},"end":{"line":55,"column":73}},"28":{"start":{"line":56,"column":23},"end":{"line":56,"column":38}},"29":{"start":{"line":59,"column":4},"end":{"line":84,"column":7}},"30":{"start":{"line":61,"column":26},"end":{"line":61,"column":31}},"31":{"start":{"line":63,"column":6},"end":{"line":73,"column":7}},"32":{"start":{"line":65,"column":8},"end":{"line":67,"column":10}},"33":{"start":{"line":66,"column":10},"end":{"line":66,"column":54}},"34":{"start":{"line":70,"column":8},"end":{"line":72,"column":10}},"35":{"start":{"line":71,"column":10},"end":{"line":71,"column":59}},"36":{"start":{"line":75,"column":6},"end":{"line":75,"column":39}},"37":{"start":{"line":75,"column":26},"end":{"line":75,"column":39}},"38":{"start":{"line":78,"column":6},"end":{"line":83,"column":8}},"39":{"start":{"line":88,"column":28},"end":{"line":163,"column":4}},"40":{"start":{"line":89,"column":28},"end":{"line":89,"column":69}},"41":{"start":{"line":90,"column":23},"end":{"line":90,"column":38}},"42":{"start":{"line":93,"column":22},"end":{"line":98,"column":15}},"43":{"start":{"line":95,"column":40},"end":{"line":98,"column":9}},"44":{"start":{"line":101,"column":24},"end":{"line":108,"column":5}},"45":{"start":{"line":111,"column":4},"end":{"line":120,"column":5}},"46":{"start":{"line":112,"column":6},"end":{"line":118,"column":9}},"47":{"start":{"line":119,"column":6},"end":{"line":119,"column":13}},"48":{"start":{"line":123,"column":24},"end":{"line":123,"column":69}},"49":{"start":{"line":125,"column":4},"end":{"line":134,"column":5}},"50":{"start":{"line":126,"column":6},"end":{"line":132,"column":9}},"51":{"start":{"line":133,"column":6},"end":{"line":133,"column":13}},"52":{"start":{"line":137,"column":29},"end":{"line":137,"column":61}},"53":{"start":{"line":138,"column":4},"end":{"line":138,"column":40}},"54":{"start":{"line":141,"column":4},"end":{"line":143,"column":5}},"55":{"start":{"line":142,"column":6},"end":{"line":142,"column":31}},"56":{"start":{"line":146,"column":4},"end":{"line":146,"column":26}},"57":{"start":{"line":147,"column":4},"end":{"line":147,"column":24}},"58":{"start":{"line":148,"column":4},"end":{"line":148,"column":27}},"59":{"start":{"line":149,"column":4},"end":{"line":149,"column":22}},"60":{"start":{"line":150,"column":4},"end":{"line":150,"column":24}},"61":{"start":{"line":151,"column":4},"end":{"line":151,"column":25}},"62":{"start":{"line":153,"column":4},"end":{"line":158,"column":7}},"63":{"start":{"line":166,"column":31},"end":{"line":180,"column":37}},"64":{"start":{"line":167,"column":29},"end":{"line":167,"column":82}},"65":{"start":{"line":167,"column":63},"end":{"line":167,"column":81}},"66":{"start":{"line":168,"column":4},"end":{"line":168,"column":40}},"67":{"start":{"line":170,"column":4},"end":{"line":172,"column":5}},"68":{"start":{"line":171,"column":6},"end":{"line":171,"column":31}},"69":{"start":{"line":174,"column":4},"end":{"line":179,"column":7}},"70":{"start":{"line":183,"column":30},"end":{"line":209,"column":46}},"71":{"start":{"line":184,"column":4},"end":{"line":184,"column":26}},"72":{"start":{"line":185,"column":4},"end":{"line":208,"column":5}},"73":{"start":{"line":186,"column":6},"end":{"line":188,"column":7}},"74":{"start":{"line":187,"column":8},"end":{"line":187,"column":37}},"75":{"start":{"line":189,"column":6},"end":{"line":194,"column":9}},"76":{"start":{"line":195,"column":6},"end":{"line":197,"column":7}},"77":{"start":{"line":196,"column":8},"end":{"line":196,"column":18}},"78":{"start":{"line":199,"column":6},"end":{"line":205,"column":9}},"79":{"start":{"line":207,"column":6},"end":{"line":207,"column":29}},"80":{"start":{"line":211,"column":2},"end":{"line":230,"column":4}}},"fnMap":{"0":{"name":"(anonymous_0)","decl":{"start":{"line":16,"column":22},"end":{"line":16,"column":23}},"loc":{"start":{"line":16,"column":35},"end":{"line":20,"column":1}},"line":16},"1":{"name":"(anonymous_1)","decl":{"start":{"line":23,"column":23},"end":{"line":23,"column":24}},"loc":{"start":{"line":23,"column":55},"end":{"line":30,"column":1}},"line":23},"2":{"name":"(anonymous_2)","decl":{"start":{"line":32,"column":34},"end":{"line":32,"column":35}},"loc":{"start":{"line":32,"column":71},"end":{"line":231,"column":1}},"line":32},"3":{"name":"(anonymous_3)","decl":{"start":{"line":44,"column":12},"end":{"line":44,"column":13}},"loc":{"start":{"line":44,"column":18},"end":{"line":46,"column":3}},"line":44},"4":{"name":"(anonymous_4)","decl":{"start":{"line":49,"column":36},"end":{"line":49,"column":37}},"loc":{"start":{"line":49,"column":42},"end":{"line":51,"column":3}},"line":49},"5":{"name":"(anonymous_5)","decl":{"start":{"line":54,"column":39},"end":{"line":54,"column":40}},"loc":{"start":{"line":54,"column":75},"end":{"line":85,"column":3}},"line":54},"6":{"name":"(anonymous_6)","decl":{"start":{"line":59,"column":34},"end":{"line":59,"column":35}},"loc":{"start":{"line":59,"column":46},"end":{"line":84,"column":5}},"line":59},"7":{"name":"(anonymous_7)","decl":{"start":{"line":65,"column":56},"end":{"line":65,"column":57}},"loc":{"start":{"line":66,"column":10},"end":{"line":66,"column":54}},"line":66},"8":{"name":"(anonymous_8)","decl":{"start":{"line":70,"column":39},"end":{"line":70,"column":40}},"loc":{"start":{"line":71,"column":10},"end":{"line":71,"column":59}},"line":71},"9":{"name":"(anonymous_9)","decl":{"start":{"line":88,"column":40},"end":{"line":88,"column":41}},"loc":{"start":{"line":88,"column":46},"end":{"line":159,"column":3}},"line":88},"10":{"name":"(anonymous_10)","decl":{"start":{"line":95,"column":25},"end":{"line":95,"column":26}},"loc":{"start":{"line":95,"column":40},"end":{"line":98,"column":9}},"line":95},"11":{"name":"(anonymous_11)","decl":{"start":{"line":166,"column":43},"end":{"line":166,"column":44}},"loc":{"start":{"line":166,"column":51},"end":{"line":180,"column":3}},"line":166},"12":{"name":"(anonymous_12)","decl":{"start":{"line":167,"column":51},"end":{"line":167,"column":52}},"loc":{"start":{"line":167,"column":63},"end":{"line":167,"column":81}},"line":167},"13":{"name":"(anonymous_13)","decl":{"start":{"line":183,"column":42},"end":{"line":183,"column":43}},"loc":{"start":{"line":183,"column":54},"end":{"line":209,"column":3}},"line":183}},"branchMap":{"0":{"loc":{"start":{"line":17,"column":2},"end":{"line":17,"column":25}},"type":"if","locations":[{"start":{"line":17,"column":2},"end":{"line":17,"column":25}},{"start":{},"end":{}}],"line":17},"1":{"loc":{"start":{"line":29,"column":9},"end":{"line":29,"column":27}},"type":"binary-expr","locations":[{"start":{"line":29,"column":9},"end":{"line":29,"column":16}},{"start":{"line":29,"column":20},"end":{"line":29,"column":27}}],"line":29},"2":{"loc":{"start":{"line":32,"column":35},"end":{"line":32,"column":49}},"type":"default-arg","locations":[{"start":{"line":32,"column":47},"end":{"line":32,"column":49}}],"line":32},"3":{"loc":{"start":{"line":63,"column":6},"end":{"line":73,"column":7}},"type":"if","locations":[{"start":{"line":63,"column":6},"end":{"line":73,"column":7}},{"start":{"line":68,"column":13},"end":{"line":73,"column":7}}],"line":63},"4":{"loc":{"start":{"line":66,"column":10},"end":{"line":66,"column":54}},"type":"binary-expr","locations":[{"start":{"line":66,"column":10},"end":{"line":66,"column":30}},{"start":{"line":66,"column":34},"end":{"line":66,"column":54}}],"line":66},"5":{"loc":{"start":{"line":71,"column":10},"end":{"line":71,"column":59}},"type":"binary-expr","locations":[{"start":{"line":71,"column":10},"end":{"line":71,"column":34}},{"start":{"line":71,"column":38},"end":{"line":71,"column":59}}],"line":71},"6":{"loc":{"start":{"line":75,"column":6},"end":{"line":75,"column":39}},"type":"if","locations":[{"start":{"line":75,"column":6},"end":{"line":75,"column":39}},{"start":{},"end":{}}],"line":75},"7":{"loc":{"start":{"line":93,"column":22},"end":{"line":98,"column":15}},"type":"cond-expr","locations":[{"start":{"line":94,"column":8},"end":{"line":94,"column":27}},{"start":{"line":95,"column":8},"end":{"line":98,"column":15}}],"line":93},"8":{"loc":{"start":{"line":105,"column":12},"end":{"line":105,"column":46}},"type":"cond-expr","locations":[{"start":{"line":105,"column":25},"end":{"line":105,"column":31}},{"start":{"line":105,"column":34},"end":{"line":105,"column":46}}],"line":105},"9":{"loc":{"start":{"line":106,"column":19},"end":{"line":106,"column":49}},"type":"cond-expr","locations":[{"start":{"line":106,"column":32},"end":{"line":106,"column":42}},{"start":{"line":106,"column":45},"end":{"line":106,"column":49}}],"line":106},"10":{"loc":{"start":{"line":111,"column":4},"end":{"line":120,"column":5}},"type":"if","locations":[{"start":{"line":111,"column":4},"end":{"line":120,"column":5}},{"start":{},"end":{}}],"line":111},"11":{"loc":{"start":{"line":125,"column":4},"end":{"line":134,"column":5}},"type":"if","locations":[{"start":{"line":125,"column":4},"end":{"line":134,"column":5}},{"start":{},"end":{}}],"line":125},"12":{"loc":{"start":{"line":141,"column":4},"end":{"line":143,"column":5}},"type":"if","locations":[{"start":{"line":141,"column":4},"end":{"line":143,"column":5}},{"start":{},"end":{}}],"line":141},"13":{"loc":{"start":{"line":170,"column":4},"end":{"line":172,"column":5}},"type":"if","locations":[{"start":{"line":170,"column":4},"end":{"line":172,"column":5}},{"start":{},"end":{}}],"line":170},"14":{"loc":{"start":{"line":186,"column":6},"end":{"line":188,"column":7}},"type":"if","locations":[{"start":{"line":186,"column":6},"end":{"line":188,"column":7}},{"start":{},"end":{}}],"line":186},"15":{"loc":{"start":{"line":195,"column":6},"end":{"line":197,"column":7}},"type":"if","locations":[{"start":{"line":195,"column":6},"end":{"line":197,"column":7}},{"start":{},"end":{}}],"line":195}},"s":{"0":0,"1":0,"2":0,"3":0,"4":0,"5":0,"6":0,"7":0,"8":0,"9":0,"10":0,"11":0,"12":0,"13":0,"14":0,"15":0,"16":0,"17":0,"18":0,"19":0,"20":0,"21":0,"22":0,"23":0,"24":0,"25":0,"26":0,"27":0,"28":0,"29":0,"30":0,"31":0,"32":0,"33":0,"34":0,"35":0,"36":0,"37":0,"38":0,"39":0,"40":0,"41":0,"42":0,"43":0,"44":0,"45":0,"46":0,"47":0,"48":0,"49":0,"50":0,"51":0,"52":0,"53":0,"54":0,"55":0,"56":0,"57":0,"58":0,"59":0,"60":0,"61":0,"62":0,"63":0,"64":0,"65":0,"66":0,"67":0,"68":0,"69":0,"70":0,"71":0,"72":0,"73":0,"74":0,"75":0,"76":0,"77":0,"78":0,"79":0,"80":0},"f":{"0":0,"1":0,"2":0,"3":0,"4":0,"5":0,"6":0,"7":0,"8":0,"9":0,"10":0,"11":0,"12":0,"13":0},"b":{"0":[0,0],"1":[0,0],"2":[0],"3":[0,0],"4":[0,0],"5":[0,0],"6":[0,0],"7":[0,0],"8":[0,0],"9":[0,0],"10":[0,0],"11":[0,0],"12":[0,0],"13":[0,0],"14":[0,0],"15":[0,0]}}
,"/Users/inakiechaide/Desktop/heater-control/src/services/heaterApi.js": {"path":"/Users/inakiechaide/Desktop/heater-control/src/services/heaterApi.js","statementMap":{"0":{"start":{"line":2,"column":29},"end":{"line":2,"column":33}},"1":{"start":{"line":5,"column":21},"end":{"line":5,"column":87}},"2":{"start":{"line":8,"column":21},"end":{"line":13,"column":1}},"3":{"start":{"line":16,"column":0},"end":{"line":16,"column":39}},"4":{"start":{"line":19,"column":35},"end":{"line":53,"column":1}},"5":{"start":{"line":21,"column":26},"end":{"line":26,"column":3}},"6":{"start":{"line":29,"column":21},"end":{"line":29,"column":62}},"7":{"start":{"line":32,"column":26},"end":{"line":32,"column":54}},"8":{"start":{"line":33,"column":21},"end":{"line":33,"column":49}},"9":{"start":{"line":36,"column":2},"end":{"line":36,"column":99}},"10":{"start":{"line":39,"column":28},"end":{"line":44,"column":3}},"11":{"start":{"line":46,"column":24},"end":{"line":46,"column":68}},"12":{"start":{"line":47,"column":2},"end":{"line":47,"column":94}},"13":{"start":{"line":50,"column":2},"end":{"line":50,"column":88}},"14":{"start":{"line":52,"column":2},"end":{"line":52,"column":24}},"15":{"start":{"line":56,"column":0},"end":{"line":58,"column":1}},"16":{"start":{"line":57,"column":2},"end":{"line":57,"column":48}},"17":{"start":{"line":68,"column":26},"end":{"line":88,"column":1}},"18":{"start":{"line":69,"column":2},"end":{"line":71,"column":3}},"19":{"start":{"line":70,"column":4},"end":{"line":70,"column":16}},"20":{"start":{"line":73,"column":2},"end":{"line":87,"column":3}},"21":{"start":{"line":74,"column":23},"end":{"line":74,"column":44}},"22":{"start":{"line":75,"column":22},"end":{"line":75,"column":64}},"23":{"start":{"line":75,"column":39},"end":{"line":75,"column":57}},"24":{"start":{"line":77,"column":21},"end":{"line":80,"column":6}},"25":{"start":{"line":82,"column":4},"end":{"line":82,"column":28}},"26":{"start":{"line":83,"column":4},"end":{"line":83,"column":23}},"27":{"start":{"line":85,"column":4},"end":{"line":85,"column":59}},"28":{"start":{"line":86,"column":4},"end":{"line":86,"column":17}},"29":{"start":{"line":90,"column":19},"end":{"line":140,"column":1}},"30":{"start":{"line":91,"column":28},"end":{"line":91,"column":53}},"31":{"start":{"line":93,"column":2},"end":{"line":95,"column":3}},"32":{"start":{"line":94,"column":4},"end":{"line":94,"column":69}},"33":{"start":{"line":97,"column":14},"end":{"line":97,"column":42}},"34":{"start":{"line":98,"column":18},"end":{"line":100,"column":3}},"35":{"start":{"line":102,"column":21},"end":{"line":102,"column":42}},"36":{"start":{"line":103,"column":20},"end":{"line":103,"column":62}},"37":{"start":{"line":103,"column":37},"end":{"line":103,"column":55}},"38":{"start":{"line":105,"column":2},"end":{"line":139,"column":3}},"39":{"start":{"line":106,"column":19},"end":{"line":110,"column":5}},"40":{"start":{"line":112,"column":4},"end":{"line":114,"column":5}},"41":{"start":{"line":113,"column":6},"end":{"line":113,"column":41}},"42":{"start":{"line":116,"column":21},"end":{"line":116,"column":45}},"43":{"start":{"line":117,"column":4},"end":{"line":117,"column":28}},"44":{"start":{"line":119,"column":4},"end":{"line":121,"column":5}},"45":{"start":{"line":120,"column":6},"end":{"line":120,"column":56}},"46":{"start":{"line":124,"column":24},"end":{"line":124,"column":60}},"47":{"start":{"line":125,"column":4},"end":{"line":127,"column":5}},"48":{"start":{"line":126,"column":6},"end":{"line":126,"column":35}},"49":{"start":{"line":129,"column":4},"end":{"line":129,"column":33}},"50":{"start":{"line":131,"column":4},"end":{"line":131,"column":28}},"51":{"start":{"line":132,"column":4},"end":{"line":132,"column":50}},"52":{"start":{"line":134,"column":4},"end":{"line":136,"column":5}},"53":{"start":{"line":135,"column":6},"end":{"line":135,"column":91}},"54":{"start":{"line":138,"column":4},"end":{"line":138,"column":59}},"55":{"start":{"line":143,"column":25},"end":{"line":238,"column":1}},"56":{"start":{"line":149,"column":4},"end":{"line":159,"column":5}},"57":{"start":{"line":151,"column":6},"end":{"line":158,"column":9}},"58":{"start":{"line":152,"column":8},"end":{"line":157,"column":16}},"59":{"start":{"line":153,"column":10},"end":{"line":156,"column":13}},"60":{"start":{"line":160,"column":4},"end":{"line":160,"column":33}},"61":{"start":{"line":169,"column":4},"end":{"line":181,"column":5}},"62":{"start":{"line":171,"column":6},"end":{"line":171,"column":33}},"63":{"start":{"line":172,"column":6},"end":{"line":180,"column":9}},"64":{"start":{"line":173,"column":8},"end":{"line":179,"column":16}},"65":{"start":{"line":174,"column":10},"end":{"line":178,"column":13}},"66":{"start":{"line":182,"column":4},"end":{"line":182,"column":49}},"67":{"start":{"line":190,"column":4},"end":{"line":192,"column":5}},"68":{"start":{"line":191,"column":6},"end":{"line":191,"column":57}},"69":{"start":{"line":193,"column":4},"end":{"line":193,"column":38}},"70":{"start":{"line":201,"column":4},"end":{"line":211,"column":5}},"71":{"start":{"line":203,"column":26},"end":{"line":208,"column":33}},"72":{"start":{"line":210,"column":6},"end":{"line":210,"column":53}},"73":{"start":{"line":212,"column":4},"end":{"line":212,"column":42}},"74":{"start":{"line":220,"column":4},"end":{"line":227,"column":5}},"75":{"start":{"line":221,"column":6},"end":{"line":226,"column":8}},"76":{"start":{"line":228,"column":4},"end":{"line":228,"column":38}},"77":{"start":{"line":236,"column":4},"end":{"line":236,"column":29}}},"fnMap":{"0":{"name":"(anonymous_0)","decl":{"start":{"line":19,"column":35},"end":{"line":19,"column":36}},"loc":{"start":{"line":19,"column":41},"end":{"line":53,"column":1}},"line":19},"1":{"name":"(anonymous_1)","decl":{"start":{"line":68,"column":26},"end":{"line":68,"column":27}},"loc":{"start":{"line":68,"column":38},"end":{"line":88,"column":1}},"line":68},"2":{"name":"(anonymous_2)","decl":{"start":{"line":75,"column":33},"end":{"line":75,"column":34}},"loc":{"start":{"line":75,"column":39},"end":{"line":75,"column":57}},"line":75},"3":{"name":"(anonymous_3)","decl":{"start":{"line":90,"column":19},"end":{"line":90,"column":20}},"loc":{"start":{"line":90,"column":68},"end":{"line":140,"column":1}},"line":90},"4":{"name":"(anonymous_4)","decl":{"start":{"line":103,"column":31},"end":{"line":103,"column":32}},"loc":{"start":{"line":103,"column":37},"end":{"line":103,"column":55}},"line":103},"5":{"name":"(anonymous_5)","decl":{"start":{"line":148,"column":13},"end":{"line":148,"column":14}},"loc":{"start":{"line":148,"column":25},"end":{"line":161,"column":3}},"line":148},"6":{"name":"(anonymous_6)","decl":{"start":{"line":151,"column":25},"end":{"line":151,"column":26}},"loc":{"start":{"line":151,"column":36},"end":{"line":158,"column":7}},"line":151},"7":{"name":"(anonymous_7)","decl":{"start":{"line":152,"column":19},"end":{"line":152,"column":20}},"loc":{"start":{"line":152,"column":25},"end":{"line":157,"column":9}},"line":152},"8":{"name":"(anonymous_8)","decl":{"start":{"line":168,"column":11},"end":{"line":168,"column":12}},"loc":{"start":{"line":168,"column":27},"end":{"line":183,"column":3}},"line":168},"9":{"name":"(anonymous_9)","decl":{"start":{"line":172,"column":25},"end":{"line":172,"column":26}},"loc":{"start":{"line":172,"column":36},"end":{"line":180,"column":7}},"line":172},"10":{"name":"(anonymous_10)","decl":{"start":{"line":173,"column":19},"end":{"line":173,"column":20}},"loc":{"start":{"line":173,"column":25},"end":{"line":179,"column":9}},"line":173},"11":{"name":"(anonymous_11)","decl":{"start":{"line":189,"column":18},"end":{"line":189,"column":19}},"loc":{"start":{"line":189,"column":30},"end":{"line":194,"column":3}},"line":189},"12":{"name":"(anonymous_12)","decl":{"start":{"line":200,"column":21},"end":{"line":200,"column":22}},"loc":{"start":{"line":200,"column":33},"end":{"line":213,"column":3}},"line":200},"13":{"name":"(anonymous_13)","decl":{"start":{"line":219,"column":17},"end":{"line":219,"column":18}},"loc":{"start":{"line":219,"column":29},"end":{"line":229,"column":3}},"line":219},"14":{"name":"(anonymous_14)","decl":{"start":{"line":235,"column":21},"end":{"line":235,"column":22}},"loc":{"start":{"line":235,"column":33},"end":{"line":237,"column":3}},"line":235}},"branchMap":{"0":{"loc":{"start":{"line":5,"column":21},"end":{"line":5,"column":87}},"type":"cond-expr","locations":[{"start":{"line":5,"column":39},"end":{"line":5,"column":62}},{"start":{"line":5,"column":65},"end":{"line":5,"column":87}}],"line":5},"1":{"loc":{"start":{"line":29,"column":21},"end":{"line":29,"column":62}},"type":"binary-expr","locations":[{"start":{"line":29,"column":21},"end":{"line":29,"column":57}},{"start":{"line":29,"column":61},"end":{"line":29,"column":62}}],"line":29},"2":{"loc":{"start":{"line":46,"column":24},"end":{"line":46,"column":68}},"type":"binary-expr","locations":[{"start":{"line":46,"column":24},"end":{"line":46,"column":63}},{"start":{"line":46,"column":67},"end":{"line":46,"column":68}}],"line":46},"3":{"loc":{"start":{"line":56,"column":0},"end":{"line":58,"column":1}},"type":"if","locations":[{"start":{"line":56,"column":0},"end":{"line":58,"column":1}},{"start":{},"end":{}}],"line":56},"4":{"loc":{"start":{"line":69,"column":2},"end":{"line":71,"column":3}},"type":"if","locations":[{"start":{"line":69,"column":2},"end":{"line":71,"column":3}},{"start":{},"end":{}}],"line":69},"5":{"loc":{"start":{"line":90,"column":36},"end":{"line":90,"column":50}},"type":"default-arg","locations":[{"start":{"line":90,"column":45},"end":{"line":90,"column":50}}],"line":90},"6":{"loc":{"start":{"line":90,"column":52},"end":{"line":90,"column":63}},"type":"default-arg","locations":[{"start":{"line":90,"column":59},"end":{"line":90,"column":63}}],"line":90},"7":{"loc":{"start":{"line":93,"column":2},"end":{"line":95,"column":3}},"type":"if","locations":[{"start":{"line":93,"column":2},"end":{"line":95,"column":3}},{"start":{},"end":{}}],"line":93},"8":{"loc":{"start":{"line":112,"column":4},"end":{"line":114,"column":5}},"type":"if","locations":[{"start":{"line":112,"column":4},"end":{"line":114,"column":5}},{"start":{},"end":{}}],"line":112},"9":{"loc":{"start":{"line":119,"column":4},"end":{"line":121,"column":5}},"type":"if","locations":[{"start":{"line":119,"column":4},"end":{"line":121,"column":5}},{"start":{},"end":{}}],"line":119},"10":{"loc":{"start":{"line":125,"column":4},"end":{"line":127,"column":5}},"type":"if","locations":[{"start":{"line":125,"column":4},"end":{"line":127,"column":5}},{"start":{},"end":{}}],"line":125},"11":{"loc":{"start":{"line":125,"column":8},"end":{"line":125,"column":63}},"type":"binary-expr","locations":[{"start":{"line":125,"column":8},"end":{"line":125,"column":19}},{"start":{"line":125,"column":23},"end":{"line":125,"column":63}}],"line":125},"12":{"loc":{"start":{"line":134,"column":4},"end":{"line":136,"column":5}},"type":"if","locations":[{"start":{"line":134,"column":4},"end":{"line":136,"column":5}},{"start":{},"end":{}}],"line":134},"13":{"loc":{"start":{"line":149,"column":4},"end":{"line":159,"column":5}},"type":"if","locations":[{"start":{"line":149,"column":4},"end":{"line":159,"column":5}},{"start":{},"end":{}}],"line":149},"14":{"loc":{"start":{"line":169,"column":4},"end":{"line":181,"column":5}},"type":"if","locations":[{"start":{"line":169,"column":4},"end":{"line":181,"column":5}},{"start":{},"end":{}}],"line":169},"15":{"loc":{"start":{"line":190,"column":4},"end":{"line":192,"column":5}},"type":"if","locations":[{"start":{"line":190,"column":4},"end":{"line":192,"column":5}},{"start":{},"end":{}}],"line":190},"16":{"loc":{"start":{"line":201,"column":4},"end":{"line":211,"column":5}},"type":"if","locations":[{"start":{"line":201,"column":4},"end":{"line":211,"column":5}},{"start":{},"end":{}}],"line":201},"17":{"loc":{"start":{"line":203,"column":26},"end":{"line":208,"column":33}},"type":"binary-expr","locations":[{"start":{"line":203,"column":26},"end":{"line":208,"column":28}},{"start":{"line":208,"column":32},"end":{"line":208,"column":33}}],"line":203},"18":{"loc":{"start":{"line":220,"column":4},"end":{"line":227,"column":5}},"type":"if","locations":[{"start":{"line":220,"column":4},"end":{"line":227,"column":5}},{"start":{},"end":{}}],"line":220}},"s":{"0":0,"1":0,"2":0,"3":0,"4":0,"5":0,"6":0,"7":0,"8":0,"9":0,"10":0,"11":0,"12":0,"13":0,"14":0,"15":0,"16":0,"17":0,"18":0,"19":0,"20":0,"21":0,"22":0,"23":0,"24":0,"25":0,"26":0,"27":0,"28":0,"29":0,"30":0,"31":0,"32":0,"33":0,"34":0,"35":0,"36":0,"37":0,"38":0,"39":0,"40":0,"41":0,"42":0,"43":0,"44":0,"45":0,"46":0,"47":0,"48":0,"49":0,"50":0,"51":0,"52":0,"53":0,"54":0,"55":0,"56":0,"57":0,"58":0,"59":0,"60":0,"61":0,"62":0,"63":0,"64":0,"65":0,"66":0,"67":0,"68":0,"69":0,"70":0,"71":0,"72":0,"73":0,"74":0,"75":0,"76":0,"77":0},"f":{"0":0,"1":0,"2":0,"3":0,"4":0,"5":0,"6":0,"7":0,"8":0,"9":0,"10":0,"11":0,"12":0,"13":0,"14":0},"b":{"0":[0,0],"1":[0,0],"2":[0,0],"3":[0,0],"4":[0,0],"5":[0],"6":[0],"7":[0,0],"8":[0,0],"9":[0,0],"10":[0,0],"11":[0,0],"12":[0,0],"13":[0,0],"14":[0,0],"15":[0,0],"16":[0,0],"17":[0,0],"18":[0,0]}}
}
