TN:
SF:src/setupTests.js
FN:7,(anonymous_0)
FN:20,(anonymous_1)
FN:24,(anonymous_2)
FNF:3
FNH:0
FNDA:0,(anonymous_0)
FNDA:0,(anonymous_1)
FNDA:0,(anonymous_2)
DA:5,0
DA:7,0
DA:20,0
DA:21,0
DA:22,0
DA:24,0
LF:6
LH:0
BRF:0
BRH:0
end_of_record
TN:
SF:src/theme.js
FN:11,(anonymous_0)
FNF:1
FNH:0
FNDA:0,(anonymous_0)
DA:3,0
DA:8,0
DA:11,0
LF:3
LH:0
BRF:0
BRH:0
end_of_record
TN:
SF:src/components/ScheduleForm.jsx
FN:10,(anonymous_0)
FN:58,(anonymous_1)
FN:87,(anonymous_2)
FN:97,(anonymous_3)
FN:120,(anonymous_4)
FN:121,(anonymous_5)
FN:144,(anonymous_6)
FN:164,(anonymous_7)
FN:167,(anonymous_8)
FN:168,(anonymous_9)
FN:199,(anonymous_10)
FN:203,(anonymous_11)
FNF:12
FNH:0
FNDA:0,(anonymous_0)
FNDA:0,(anonymous_1)
FNDA:0,(anonymous_2)
FNDA:0,(anonymous_3)
FNDA:0,(anonymous_4)
FNDA:0,(anonymous_5)
FNDA:0,(anonymous_6)
FNDA:0,(anonymous_7)
FNDA:0,(anonymous_8)
FNDA:0,(anonymous_9)
FNDA:0,(anonymous_10)
FNDA:0,(anonymous_11)
DA:10,0
DA:58,0
DA:73,0
DA:74,0
DA:75,0
DA:77,0
DA:87,0
DA:97,0
DA:120,0
DA:122,0
DA:123,0
DA:145,0
DA:165,0
DA:167,0
DA:168,0
DA:200,0
DA:203,0
LF:17
LH:0
BRDA:108,0,0,0
BRDA:108,0,1,0
BRDA:110,1,0,0
BRDA:110,1,1,0
BRDA:112,2,0,0
BRDA:112,2,1,0
BRDA:131,3,0,0
BRDA:131,3,1,0
BRDA:132,4,0,0
BRDA:132,4,1,0
BRDA:171,5,0,0
BRDA:171,5,1,0
BRDA:189,6,0,0
BRDA:189,6,1,0
BRDA:210,7,0,0
BRDA:210,7,1,0
BRF:16
BRH:0
end_of_record
TN:
SF:src/components/ScheduleList.jsx
FN:8,(anonymous_0)
FN:21,(anonymous_1)
FN:64,(anonymous_2)
FN:71,(anonymous_3)
FN:72,(anonymous_4)
FN:82,(anonymous_5)
FN:117,(anonymous_6)
FN:151,(anonymous_7)
FN:152,(anonymous_8)
FN:173,(anonymous_9)
FNF:10
FNH:0
FNDA:0,(anonymous_0)
FNDA:0,(anonymous_1)
FNDA:0,(anonymous_2)
FNDA:0,(anonymous_3)
FNDA:0,(anonymous_4)
FNDA:0,(anonymous_5)
FNDA:0,(anonymous_6)
FNDA:0,(anonymous_7)
FNDA:0,(anonymous_8)
FNDA:0,(anonymous_9)
DA:8,0
DA:14,0
DA:15,0
DA:16,0
DA:17,0
DA:18,0
DA:21,0
DA:22,0
DA:60,0
DA:64,0
DA:65,0
DA:66,0
DA:67,0
DA:71,0
DA:72,0
DA:74,0
DA:75,0
DA:78,0
DA:79,0
DA:82,0
DA:85,0
DA:86,0
DA:101,0
DA:118,0
DA:119,0
DA:121,0
DA:151,0
DA:152,0
DA:174,0
DA:175,0
LF:30
LH:0
BRDA:9,0,0,0
BRDA:60,1,0,0
BRDA:60,1,1,0
BRDA:65,2,0,0
BRDA:65,2,1,0
BRDA:74,3,0,0
BRDA:74,3,1,0
BRDA:78,4,0,0
BRDA:78,4,1,0
BRDA:85,5,0,0
BRDA:85,5,1,0
BRDA:111,6,0,0
BRDA:111,6,1,0
BRDA:127,7,0,0
BRDA:127,7,1,0
BRDA:128,8,0,0
BRDA:128,8,1,0
BRDA:139,9,0,0
BRDA:139,9,1,0
BRDA:143,10,0,0
BRDA:143,10,1,0
BRF:21
BRH:0
end_of_record
TN:
SF:src/components/ScheduleManager.jsx
FN:45,(anonymous_0)
FN:74,(anonymous_1)
FN:130,(anonymous_2)
FN:141,(anonymous_3)
FN:150,(anonymous_4)
FN:152,(anonymous_5)
FN:155,(anonymous_6)
FN:156,(anonymous_7)
FN:171,(anonymous_8)
FN:175,(anonymous_9)
FN:177,(anonymous_10)
FN:184,(anonymous_11)
FN:207,(anonymous_12)
FN:213,(anonymous_13)
FN:250,(anonymous_14)
FN:327,(anonymous_15)
FN:341,(anonymous_16)
FN:342,(anonymous_17)
FN:352,(anonymous_18)
FN:395,(anonymous_19)
FN:403,(anonymous_20)
FN:421,(anonymous_21)
FN:421,(anonymous_22)
FN:443,(anonymous_23)
FN:465,(anonymous_24)
FN:471,(anonymous_25)
FN:472,(anonymous_26)
FN:503,(anonymous_27)
FN:507,(anonymous_28)
FN:543,(anonymous_29)
FN:577,(anonymous_30)
FN:578,(anonymous_31)
FN:607,(anonymous_32)
FNF:33
FNH:0
FNDA:0,(anonymous_0)
FNDA:0,(anonymous_1)
FNDA:0,(anonymous_2)
FNDA:0,(anonymous_3)
FNDA:0,(anonymous_4)
FNDA:0,(anonymous_5)
FNDA:0,(anonymous_6)
FNDA:0,(anonymous_7)
FNDA:0,(anonymous_8)
FNDA:0,(anonymous_9)
FNDA:0,(anonymous_10)
FNDA:0,(anonymous_11)
FNDA:0,(anonymous_12)
FNDA:0,(anonymous_13)
FNDA:0,(anonymous_14)
FNDA:0,(anonymous_15)
FNDA:0,(anonymous_16)
FNDA:0,(anonymous_17)
FNDA:0,(anonymous_18)
FNDA:0,(anonymous_19)
FNDA:0,(anonymous_20)
FNDA:0,(anonymous_21)
FNDA:0,(anonymous_22)
FNDA:0,(anonymous_23)
FNDA:0,(anonymous_24)
FNDA:0,(anonymous_25)
FNDA:0,(anonymous_26)
FNDA:0,(anonymous_27)
FNDA:0,(anonymous_28)
FNDA:0,(anonymous_29)
FNDA:0,(anonymous_30)
FNDA:0,(anonymous_31)
FNDA:0,(anonymous_32)
DA:26,0
DA:45,0
DA:52,0
DA:53,0
DA:54,0
DA:55,0
DA:58,0
DA:61,0
DA:62,0
DA:63,0
DA:64,0
DA:65,0
DA:66,0
DA:67,0
DA:68,0
DA:71,0
DA:73,0
DA:74,0
DA:81,0
DA:130,0
DA:131,0
DA:134,0
DA:135,0
DA:136,0
DA:137,0
DA:138,0
DA:139,0
DA:140,0
DA:141,0
DA:150,0
DA:152,0
DA:155,0
DA:156,0
DA:157,0
DA:158,0
DA:159,0
DA:162,0
DA:163,0
DA:164,0
DA:165,0
DA:167,0
DA:171,0
DA:172,0
DA:175,0
DA:177,0
DA:178,0
DA:181,0
DA:184,0
DA:191,0
DA:192,0
DA:195,0
DA:196,0
DA:203,0
DA:207,0
DA:209,0
DA:211,0
DA:213,0
DA:215,0
DA:219,0
DA:222,0
DA:229,0
DA:231,0
DA:235,0
DA:243,0
DA:246,0
DA:250,0
DA:251,0
DA:254,0
DA:257,0
DA:264,0
DA:266,0
DA:270,0
DA:271,0
DA:279,0
DA:289,0
DA:292,0
DA:293,0
DA:297,0
DA:304,0
DA:308,0
DA:317,0
DA:319,0
DA:322,0
DA:323,0
DA:324,0
DA:325,0
DA:326,0
DA:327,0
DA:333,0
DA:341,0
DA:342,0
DA:344,0
DA:352,0
DA:353,0
DA:354,0
DA:355,0
DA:356,0
DA:362,0
DA:364,0
DA:372,0
DA:377,0
DA:395,0
DA:403,0
DA:421,0
DA:422,0
DA:423,0
DA:444,0
DA:445,0
DA:466,0
DA:467,0
DA:468,0
DA:471,0
DA:472,0
DA:504,0
DA:508,0
DA:544,0
DA:545,0
DA:547,0
DA:577,0
DA:579,0
DA:607,0
LF:121
LH:0
BRDA:49,0,0,0
BRDA:134,1,0,0
BRDA:134,1,1,0
BRDA:150,2,0,0
BRDA:150,2,1,0
BRDA:157,3,0,0
BRDA:157,3,1,0
BRDA:167,4,0,0
BRDA:167,4,1,0
BRDA:181,5,0,0
BRDA:181,5,1,0
BRDA:191,6,0,0
BRDA:191,6,1,0
BRDA:192,7,0,0
BRDA:192,7,1,0
BRDA:195,8,0,0
BRDA:195,8,1,0
BRDA:211,9,0,0
BRDA:211,9,1,0
BRDA:215,10,0,0
BRDA:215,10,1,0
BRDA:219,11,0,0
BRDA:219,11,1,0
BRDA:229,12,0,0
BRDA:229,12,1,0
BRDA:231,13,0,0
BRDA:231,13,1,0
BRDA:231,13,2,0
BRDA:237,14,0,0
BRDA:237,14,1,0
BRDA:251,15,0,0
BRDA:251,15,1,0
BRDA:254,16,0,0
BRDA:254,16,1,0
BRDA:264,17,0,0
BRDA:264,17,1,0
BRDA:266,18,0,0
BRDA:266,18,1,0
BRDA:266,18,2,0
BRDA:270,19,0,0
BRDA:270,19,1,0
BRDA:273,20,0,0
BRDA:273,20,1,0
BRDA:281,21,0,0
BRDA:281,21,1,0
BRDA:292,22,0,0
BRDA:292,22,1,0
BRDA:293,23,0,0
BRDA:293,23,1,0
BRDA:411,24,0,0
BRDA:411,24,1,0
BRDA:413,25,0,0
BRDA:413,25,1,0
BRDA:415,26,0,0
BRDA:415,26,1,0
BRDA:430,27,0,0
BRDA:430,27,1,0
BRDA:431,28,0,0
BRDA:431,28,1,0
BRDA:467,29,0,0
BRDA:467,29,1,0
BRDA:475,30,0,0
BRDA:475,30,1,0
BRDA:493,31,0,0
BRDA:493,31,1,0
BRDA:539,32,0,0
BRDA:539,32,1,0
BRDA:544,33,0,0
BRDA:544,33,1,0
BRDA:553,34,0,0
BRDA:553,34,1,0
BRDA:554,35,0,0
BRDA:554,35,1,0
BRDA:555,36,0,0
BRDA:555,36,1,0
BRDA:567,37,0,0
BRDA:567,37,1,0
BRDA:570,38,0,0
BRDA:570,38,1,0
BRDA:582,39,0,0
BRDA:582,39,1,0
BRDA:583,40,0,0
BRDA:583,40,1,0
BRDA:584,41,0,0
BRDA:584,41,1,0
BRDA:585,42,0,0
BRDA:585,42,1,0
BRDA:627,43,0,0
BRDA:627,43,1,0
BRF:89
BRH:0
end_of_record
TN:
SF:src/hooks/useScheduleManager.js
FN:16,(anonymous_0)
FN:23,(anonymous_1)
FN:32,(anonymous_2)
FN:44,(anonymous_3)
FN:49,(anonymous_4)
FN:54,(anonymous_5)
FN:59,(anonymous_6)
FN:65,(anonymous_7)
FN:70,(anonymous_8)
FN:88,(anonymous_9)
FN:95,(anonymous_10)
FN:166,(anonymous_11)
FN:167,(anonymous_12)
FN:183,(anonymous_13)
FNF:14
FNH:0
FNDA:0,(anonymous_0)
FNDA:0,(anonymous_1)
FNDA:0,(anonymous_2)
FNDA:0,(anonymous_3)
FNDA:0,(anonymous_4)
FNDA:0,(anonymous_5)
FNDA:0,(anonymous_6)
FNDA:0,(anonymous_7)
FNDA:0,(anonymous_8)
FNDA:0,(anonymous_9)
FNDA:0,(anonymous_10)
FNDA:0,(anonymous_11)
FNDA:0,(anonymous_12)
FNDA:0,(anonymous_13)
DA:5,0
DA:16,0
DA:17,0
DA:18,0
DA:19,0
DA:23,0
DA:24,0
DA:25,0
DA:26,0
DA:27,0
DA:29,0
DA:32,0
DA:33,0
DA:34,0
DA:35,0
DA:36,0
DA:37,0
DA:38,0
DA:39,0
DA:40,0
DA:41,0
DA:44,0
DA:45,0
DA:49,0
DA:50,0
DA:54,0
DA:55,0
DA:56,0
DA:59,0
DA:61,0
DA:63,0
DA:65,0
DA:66,0
DA:70,0
DA:71,0
DA:75,0
DA:78,0
DA:88,0
DA:89,0
DA:90,0
DA:93,0
DA:95,0
DA:101,0
DA:111,0
DA:112,0
DA:119,0
DA:123,0
DA:125,0
DA:126,0
DA:133,0
DA:137,0
DA:138,0
DA:141,0
DA:142,0
DA:146,0
DA:147,0
DA:148,0
DA:149,0
DA:150,0
DA:151,0
DA:153,0
DA:166,0
DA:167,0
DA:168,0
DA:170,0
DA:171,0
DA:174,0
DA:183,0
DA:184,0
DA:185,0
DA:186,0
DA:187,0
DA:189,0
DA:195,0
DA:196,0
DA:199,0
DA:207,0
DA:211,0
LF:78
LH:0
BRDA:17,0,0,0
BRDA:17,0,1,0
BRDA:29,1,0,0
BRDA:29,1,1,0
BRDA:32,2,0,0
BRDA:63,3,0,0
BRDA:63,3,1,0
BRDA:66,4,0,0
BRDA:66,4,1,0
BRDA:71,5,0,0
BRDA:71,5,1,0
BRDA:75,6,0,0
BRDA:75,6,1,0
BRDA:93,7,0,0
BRDA:93,7,1,0
BRDA:105,8,0,0
BRDA:105,8,1,0
BRDA:106,9,0,0
BRDA:106,9,1,0
BRDA:111,10,0,0
BRDA:111,10,1,0
BRDA:125,11,0,0
BRDA:125,11,1,0
BRDA:141,12,0,0
BRDA:141,12,1,0
BRDA:170,13,0,0
BRDA:170,13,1,0
BRDA:186,14,0,0
BRDA:186,14,1,0
BRDA:195,15,0,0
BRDA:195,15,1,0
BRF:31
BRH:0
end_of_record
TN:
SF:src/services/heaterApi.js
FN:19,(anonymous_0)
FN:68,(anonymous_1)
FN:75,(anonymous_2)
FN:90,(anonymous_3)
FN:103,(anonymous_4)
FN:148,(anonymous_5)
FN:151,(anonymous_6)
FN:152,(anonymous_7)
FN:168,(anonymous_8)
FN:172,(anonymous_9)
FN:173,(anonymous_10)
FN:189,(anonymous_11)
FN:200,(anonymous_12)
FN:219,(anonymous_13)
FN:235,(anonymous_14)
FNF:15
FNH:0
FNDA:0,(anonymous_0)
FNDA:0,(anonymous_1)
FNDA:0,(anonymous_2)
FNDA:0,(anonymous_3)
FNDA:0,(anonymous_4)
FNDA:0,(anonymous_5)
FNDA:0,(anonymous_6)
FNDA:0,(anonymous_7)
FNDA:0,(anonymous_8)
FNDA:0,(anonymous_9)
FNDA:0,(anonymous_10)
FNDA:0,(anonymous_11)
FNDA:0,(anonymous_12)
FNDA:0,(anonymous_13)
FNDA:0,(anonymous_14)
DA:2,0
DA:5,0
DA:8,0
DA:16,0
DA:19,0
DA:21,0
DA:29,0
DA:32,0
DA:33,0
DA:36,0
DA:39,0
DA:46,0
DA:47,0
DA:50,0
DA:52,0
DA:56,0
DA:57,0
DA:68,0
DA:69,0
DA:70,0
DA:73,0
DA:74,0
DA:75,0
DA:77,0
DA:82,0
DA:83,0
DA:85,0
DA:86,0
DA:90,0
DA:91,0
DA:93,0
DA:94,0
DA:97,0
DA:98,0
DA:102,0
DA:103,0
DA:105,0
DA:106,0
DA:112,0
DA:113,0
DA:116,0
DA:117,0
DA:119,0
DA:120,0
DA:124,0
DA:125,0
DA:126,0
DA:129,0
DA:131,0
DA:132,0
DA:134,0
DA:135,0
DA:138,0
DA:143,0
DA:149,0
DA:151,0
DA:152,0
DA:153,0
DA:160,0
DA:169,0
DA:171,0
DA:172,0
DA:173,0
DA:174,0
DA:182,0
DA:190,0
DA:191,0
DA:193,0
DA:201,0
DA:203,0
DA:210,0
DA:212,0
DA:220,0
DA:221,0
DA:228,0
DA:236,0
LF:76
LH:0
BRDA:5,0,0,0
BRDA:5,0,1,0
BRDA:29,1,0,0
BRDA:29,1,1,0
BRDA:46,2,0,0
BRDA:46,2,1,0
BRDA:56,3,0,0
BRDA:56,3,1,0
BRDA:69,4,0,0
BRDA:69,4,1,0
BRDA:90,5,0,0
BRDA:90,6,0,0
BRDA:93,7,0,0
BRDA:93,7,1,0
BRDA:112,8,0,0
BRDA:112,8,1,0
BRDA:119,9,0,0
BRDA:119,9,1,0
BRDA:125,10,0,0
BRDA:125,10,1,0
BRDA:125,11,0,0
BRDA:125,11,1,0
BRDA:134,12,0,0
BRDA:134,12,1,0
BRDA:149,13,0,0
BRDA:149,13,1,0
BRDA:169,14,0,0
BRDA:169,14,1,0
BRDA:190,15,0,0
BRDA:190,15,1,0
BRDA:201,16,0,0
BRDA:201,16,1,0
BRDA:203,17,0,0
BRDA:203,17,1,0
BRDA:220,18,0,0
BRDA:220,18,1,0
BRF:36
BRH:0
end_of_record
